<?xml version="1.0" encoding="UTF-8"?><testsuite errors="1" failures="0" name="Title of your feature" skipped="0" tests="1" time="39.15" timestamp="2018-07-23 08:55:04"><testcase name="Title of your scenario"><error type="java.lang.NullPointerException"/><system-err>null&#13;
co.com.accenture.Facebook.gradle.util.ExcelManager.cargarDatos(ExcelManager.java:104)&#13;
co.com.accenture.Facebook.gradle.stepdefinition.FacebookSearchStepDefinitions.buscarPersona(FacebookSearchStepDefinitions.java:69)&#13;
✽.El usuario busca las personas de la lista e ingresa a su perfil(src.test.resources/features/Facebook.feature:9)&#13;
</system-err></testcase></testsuite>